---------------------------------------------------------------
[ 2024-01-07T12:59:25+08:00 ] 127.0.0.1 GET test.google.com/install.php
[运行时间：5.625239s] [吞吐率：0.18req/s] [内存消耗：2,983.04kb] [文件加载：111]
[ info ] [ BEHAVIOR ] Run Closure @app_init [ RunTime:0.007054s ]
[ info ] [ CACHE ] INIT File
[ info ] [ BEHAVIOR ] Run Closure @app_init [ RunTime:0.140587s ]
[ info ] [ BEHAVIOR ] Run app\common\behavior\Common @app_init [ RunTime:0.069798s ]
[ info ] [ LANG ] D:\phpstudy_pro\oldindex\thinkphp\lang\zh-cn.php
[ info ] [ BEHAVIOR ] Run app\common\behavior\Common @app_dispatch [ RunTime:0.000048s ]
[ info ] [ BIND ] '\\app\\admin\\command\\Install'
[ info ] [ ROUTE ] array (
  'type' => 'controller',
  'controller' => '\\app\\admin\\command\\Install/index',
  'var' => 
  array (
  ),
)
[ info ] [ HEADER ] array (
  'accept-language' => 'zh-CN,zh;q=0.9,en;q=0.8,en-GB;q=0.7,en-US;q=0.6',
  'accept-encoding' => 'gzip, deflate',
  'accept' => 'text/html,application/xhtml+xml,application/xml;q=0.9,image/webp,image/apng,*/*;q=0.8,application/signed-exchange;v=b3;q=0.7',
  'user-agent' => 'Mozilla/5.0 (Windows NT 10.0; Win64; x64) AppleWebKit/537.36 (KHTML, like Gecko) Chrome/120.0.0.0 Safari/537.36',
  'upgrade-insecure-requests' => '1',
  'cache-control' => 'max-age=0',
  'connection' => 'keep-alive',
  'host' => 'test.google.com',
  'content-length' => '',
  'content-type' => '',
)
[ info ] [ PARAM ] array (
)
[ info ] [ RUN ] app\admin\command\Install->index[ D:\phpstudy_pro\oldindex\application\admin\command\Install.php ]
[ info ] [ LANG ] D:\phpstudy_pro\oldindex\public/../application/admin\command\Install\zh-cn.php
[ info ] [ VIEW ] D:\phpstudy_pro\oldindex\public/../application/admin\command\Install\install.html [ array (
  0 => 'errInfo',
) ]
[ info ] [ LOG ] INIT File
---------------------------------------------------------------
[ 2024-01-07T13:00:56+08:00 ] 127.0.0.1 GET test.google.com/install.php
[运行时间：0.159514s] [吞吐率：6.27req/s] [内存消耗：2,983.53kb] [文件加载：111]
[ info ] [ BEHAVIOR ] Run Closure @app_init [ RunTime:0.000030s ]
[ info ] [ CACHE ] INIT File
[ info ] [ BEHAVIOR ] Run Closure @app_init [ RunTime:0.001900s ]
[ info ] [ BEHAVIOR ] Run app\common\behavior\Common @app_init [ RunTime:0.002670s ]
[ info ] [ LANG ] D:\phpstudy_pro\oldindex\thinkphp\lang\zh-cn.php
[ info ] [ BEHAVIOR ] Run app\common\behavior\Common @app_dispatch [ RunTime:0.000109s ]
[ info ] [ BIND ] '\\app\\admin\\command\\Install'
[ info ] [ ROUTE ] array (
  'type' => 'controller',
  'controller' => '\\app\\admin\\command\\Install/index',
  'var' => 
  array (
  ),
)
[ info ] [ HEADER ] array (
  'cookie' => 'thinkphp_show_page_trace=0|0',
  'accept-language' => 'zh-CN,zh;q=0.9,en;q=0.8,en-GB;q=0.7,en-US;q=0.6',
  'accept-encoding' => 'gzip, deflate',
  'accept' => 'text/html,application/xhtml+xml,application/xml;q=0.9,image/webp,image/apng,*/*;q=0.8,application/signed-exchange;v=b3;q=0.7',
  'user-agent' => 'Mozilla/5.0 (Windows NT 10.0; Win64; x64) AppleWebKit/537.36 (KHTML, like Gecko) Chrome/120.0.0.0 Safari/537.36',
  'upgrade-insecure-requests' => '1',
  'cache-control' => 'max-age=0',
  'connection' => 'keep-alive',
  'host' => 'test.google.com',
  'content-length' => '',
  'content-type' => '',
)
[ info ] [ PARAM ] array (
)
[ info ] [ RUN ] app\admin\command\Install->index[ D:\phpstudy_pro\oldindex\application\admin\command\Install.php ]
[ info ] [ LANG ] D:\phpstudy_pro\oldindex\public/../application/admin\command\Install\zh-cn.php
[ info ] [ VIEW ] D:\phpstudy_pro\oldindex\public/../application/admin\command\Install\install.html [ array (
  0 => 'errInfo',
) ]
[ info ] [ LOG ] INIT File
---------------------------------------------------------------
[ 2024-01-07T13:01:16+08:00 ] 127.0.0.1 GET test.google.com/install.php
[运行时间：0.374914s] [吞吐率：2.67req/s] [内存消耗：2,983.53kb] [文件加载：111]
[ info ] [ BEHAVIOR ] Run Closure @app_init [ RunTime:0.000037s ]
[ info ] [ CACHE ] INIT File
[ info ] [ BEHAVIOR ] Run Closure @app_init [ RunTime:0.002675s ]
[ info ] [ BEHAVIOR ] Run app\common\behavior\Common @app_init [ RunTime:0.001764s ]
[ info ] [ LANG ] D:\phpstudy_pro\oldindex\thinkphp\lang\zh-cn.php
[ info ] [ BEHAVIOR ] Run app\common\behavior\Common @app_dispatch [ RunTime:0.000061s ]
[ info ] [ BIND ] '\\app\\admin\\command\\Install'
[ info ] [ ROUTE ] array (
  'type' => 'controller',
  'controller' => '\\app\\admin\\command\\Install/index',
  'var' => 
  array (
  ),
)
[ info ] [ HEADER ] array (
  'cookie' => 'thinkphp_show_page_trace=0|0',
  'accept-language' => 'zh-CN,zh;q=0.9,en;q=0.8,en-GB;q=0.7,en-US;q=0.6',
  'accept-encoding' => 'gzip, deflate',
  'accept' => 'text/html,application/xhtml+xml,application/xml;q=0.9,image/webp,image/apng,*/*;q=0.8,application/signed-exchange;v=b3;q=0.7',
  'user-agent' => 'Mozilla/5.0 (Windows NT 10.0; Win64; x64) AppleWebKit/537.36 (KHTML, like Gecko) Chrome/120.0.0.0 Safari/537.36',
  'upgrade-insecure-requests' => '1',
  'cache-control' => 'max-age=0',
  'connection' => 'keep-alive',
  'host' => 'test.google.com',
  'content-length' => '',
  'content-type' => '',
)
[ info ] [ PARAM ] array (
)
[ info ] [ RUN ] app\admin\command\Install->index[ D:\phpstudy_pro\oldindex\application\admin\command\Install.php ]
[ info ] [ LANG ] D:\phpstudy_pro\oldindex\public/../application/admin\command\Install\zh-cn.php
[ info ] [ VIEW ] D:\phpstudy_pro\oldindex\public/../application/admin\command\Install\install.html [ array (
  0 => 'errInfo',
) ]
[ info ] [ LOG ] INIT File
---------------------------------------------------------------
[ 2024-01-07T13:08:34+08:00 ] 127.0.0.1 GET test.google.com/wocaole.php
[运行时间：0.589008s] [吞吐率：1.70req/s] [内存消耗：3,320.39kb] [文件加载：115]
[ info ] [ BEHAVIOR ] Run Closure @app_init [ RunTime:0.000055s ]
[ info ] [ CACHE ] INIT File
[ info ] [ BEHAVIOR ] Run Closure @app_init [ RunTime:0.003207s ]
[ info ] [ BEHAVIOR ] Run app\common\behavior\Common @app_init [ RunTime:0.001881s ]
[ info ] [ LANG ] D:\phpstudy_pro\oldindex\thinkphp\lang\zh-cn.php
[ info ] [ BEHAVIOR ] Run app\common\behavior\Common @app_dispatch [ RunTime:0.000040s ]
[ info ] [ ROUTE ] array (
  'type' => 'module',
  'module' => 
  array (
    0 => 'admin',
    1 => NULL,
    2 => NULL,
  ),
)
[ info ] [ HEADER ] array (
  'cookie' => 'thinkphp_show_page_trace=0|0',
  'accept-language' => 'zh-CN,zh;q=0.9,en;q=0.8,en-GB;q=0.7,en-US;q=0.6',
  'accept-encoding' => 'gzip, deflate',
  'accept' => 'text/html,application/xhtml+xml,application/xml;q=0.9,image/webp,image/apng,*/*;q=0.8,application/signed-exchange;v=b3;q=0.7',
  'user-agent' => 'Mozilla/5.0 (Windows NT 10.0; Win64; x64) AppleWebKit/537.36 (KHTML, like Gecko) Chrome/120.0.0.0 Safari/537.36',
  'upgrade-insecure-requests' => '1',
  'connection' => 'keep-alive',
  'host' => 'test.google.com',
  'content-length' => '',
  'content-type' => '',
)
[ info ] [ PARAM ] array (
)
[ info ] [ LANG ] D:\phpstudy_pro\oldindex\public/../application/admin\lang\zh-cn.php
[ info ] [ BEHAVIOR ] Run app\common\behavior\Common @module_init [ RunTime:0.036244s ]
[ info ] [ SESSION ] INIT array (
  'id' => '',
  'var_session_id' => '',
  'prefix' => 'think',
  'type' => '',
  'auto_start' => true,
)
[ info ] [ BEHAVIOR ] Run app\admin\behavior\AdminLog @app_end [ RunTime:0.028793s ]
[ info ] [ LOG ] INIT File
---------------------------------------------------------------
[ 2024-01-07T13:08:34+08:00 ] 127.0.0.1 GET test.google.com/wocaole.php/index/login
[运行时间：0.600441s] [吞吐率：1.67req/s] [内存消耗：3,902.84kb] [文件加载：123]
[ info ] [ BEHAVIOR ] Run Closure @app_init [ RunTime:0.000020s ]
[ info ] [ CACHE ] INIT File
[ info ] [ BEHAVIOR ] Run Closure @app_init [ RunTime:0.001177s ]
[ info ] [ BEHAVIOR ] Run app\common\behavior\Common @app_init [ RunTime:0.000829s ]
[ info ] [ LANG ] D:\phpstudy_pro\oldindex\thinkphp\lang\zh-cn.php
[ info ] [ BEHAVIOR ] Run app\common\behavior\Common @app_dispatch [ RunTime:0.000025s ]
[ info ] [ ROUTE ] array (
  'type' => 'module',
  'module' => 
  array (
    0 => 'admin',
    1 => 'index',
    2 => 'login',
  ),
)
[ info ] [ HEADER ] array (
  'cookie' => 'thinkphp_show_page_trace=0|0; PHPSESSID=m30bk1uqt9gpfavrcik9cafsuq',
  'accept-language' => 'zh-CN,zh;q=0.9,en;q=0.8,en-GB;q=0.7,en-US;q=0.6',
  'accept-encoding' => 'gzip, deflate',
  'accept' => 'text/html,application/xhtml+xml,application/xml;q=0.9,image/webp,image/apng,*/*;q=0.8,application/signed-exchange;v=b3;q=0.7',
  'user-agent' => 'Mozilla/5.0 (Windows NT 10.0; Win64; x64) AppleWebKit/537.36 (KHTML, like Gecko) Chrome/120.0.0.0 Safari/537.36',
  'upgrade-insecure-requests' => '1',
  'connection' => 'keep-alive',
  'host' => 'test.google.com',
  'content-length' => '',
  'content-type' => '',
)
[ info ] [ PARAM ] array (
)
[ info ] [ LANG ] D:\phpstudy_pro\oldindex\public/../application/admin\lang\zh-cn.php
[ info ] [ BEHAVIOR ] Run app\common\behavior\Common @module_init [ RunTime:0.001289s ]
[ info ] [ SESSION ] INIT array (
  'id' => '',
  'var_session_id' => '',
  'prefix' => 'think',
  'type' => '',
  'auto_start' => true,
)
[ info ] [ LANG ] D:\phpstudy_pro\oldindex\public/../application/admin/lang/zh-cn/index.php
[ info ] [ RUN ] app\admin\controller\Index->login[ D:\phpstudy_pro\oldindex\application\admin\controller\Index.php ]
[ info ] [ VIEW ] D:\phpstudy_pro\oldindex\public/../application/admin\view\index\login.html [ array (
  0 => 'breadcrumb',
  1 => 'site',
  2 => 'config',
  3 => 'auth',
  4 => 'admin',
  5 => 'version',
  6 => 'background',
  7 => 'title',
) ]
[ info ] [ BEHAVIOR ] Run app\admin\behavior\AdminLog @app_end [ RunTime:0.000628s ]
[ info ] [ LOG ] INIT File
---------------------------------------------------------------
[ 2024-01-07T13:08:35+08:00 ] 127.0.0.1 GET test.google.com/index.php?s=/captcha
[运行时间：0.250012s] [吞吐率：4.00req/s] [内存消耗：2,331.88kb] [文件加载：99]
[ info ] [ BEHAVIOR ] Run Closure @app_init [ RunTime:0.000025s ]
[ info ] [ CACHE ] INIT File
[ info ] [ BEHAVIOR ] Run Closure @app_init [ RunTime:0.001624s ]
[ info ] [ BEHAVIOR ] Run app\common\behavior\Common @app_init [ RunTime:0.001554s ]
[ info ] [ LANG ] D:\phpstudy_pro\oldindex\thinkphp\lang\zh-cn.php
[ info ] [ BEHAVIOR ] Run app\common\behavior\Common @app_dispatch [ RunTime:0.000050s ]
[ info ] [ ROUTE ] array (
  'type' => 'method',
  'method' => 
  array (
    0 => '\\think\\captcha\\CaptchaController',
    1 => 'index',
  ),
  'var' => 
  array (
  ),
)
[ info ] [ HEADER ] array (
  'cookie' => 'thinkphp_show_page_trace=0|0; PHPSESSID=m30bk1uqt9gpfavrcik9cafsuq',
  'accept-language' => 'zh-CN,zh;q=0.9,en;q=0.8,en-GB;q=0.7,en-US;q=0.6',
  'accept-encoding' => 'gzip, deflate',
  'accept' => 'image/webp,image/apng,image/svg+xml,image/*,*/*;q=0.8',
  'user-agent' => 'Mozilla/5.0 (Windows NT 10.0; Win64; x64) AppleWebKit/537.36 (KHTML, like Gecko) Chrome/120.0.0.0 Safari/537.36',
  'connection' => 'keep-alive',
  'host' => 'test.google.com',
  'content-length' => '',
  'content-type' => '',
)
[ info ] [ PARAM ] array (
  'id' => NULL,
)
[ info ] [ RUN ] think\captcha\CaptchaController->index[ D:\phpstudy_pro\oldindex\vendor\topthink\think-captcha\src\CaptchaController.php ]
[ info ] [ SESSION ] INIT array (
  'id' => '',
  'var_session_id' => '',
  'prefix' => 'think',
  'type' => '',
  'auto_start' => true,
)
[ info ] [ LOG ] INIT File
---------------------------------------------------------------
[ 2024-01-07T13:08:35+08:00 ] 127.0.0.1 GET test.google.com/wocaole.php/ajax/lang?callback=define&controllername=index&lang=zh-cn&v=1704604114&v=1704604114
[运行时间：0.281401s] [吞吐率：3.55req/s] [内存消耗：3,736.09kb] [文件加载：120]
[ info ] [ BEHAVIOR ] Run Closure @app_init [ RunTime:0.000041s ]
[ info ] [ CACHE ] INIT File
[ info ] [ BEHAVIOR ] Run Closure @app_init [ RunTime:0.003412s ]
[ info ] [ BEHAVIOR ] Run app\common\behavior\Common @app_init [ RunTime:0.002403s ]
[ info ] [ LANG ] D:\phpstudy_pro\oldindex\thinkphp\lang\zh-cn.php
[ info ] [ BEHAVIOR ] Run app\common\behavior\Common @app_dispatch [ RunTime:0.000071s ]
[ info ] [ ROUTE ] array (
  'type' => 'module',
  'module' => 
  array (
    0 => 'admin',
    1 => 'ajax',
    2 => 'lang',
  ),
)
[ info ] [ HEADER ] array (
  'cookie' => 'thinkphp_show_page_trace=0|0; PHPSESSID=m30bk1uqt9gpfavrcik9cafsuq',
  'accept-language' => 'zh-CN,zh;q=0.9,en;q=0.8,en-GB;q=0.7,en-US;q=0.6',
  'accept-encoding' => 'gzip, deflate',
  'accept' => '*/*',
  'user-agent' => 'Mozilla/5.0 (Windows NT 10.0; Win64; x64) AppleWebKit/537.36 (KHTML, like Gecko) Chrome/120.0.0.0 Safari/537.36',
  'connection' => 'keep-alive',
  'host' => 'test.google.com',
  'content-length' => '',
  'content-type' => '',
)
[ info ] [ PARAM ] array (
  'callback' => 'define',
  'controllername' => 'index',
  'lang' => 'zh-cn',
  'v' => '1704604114',
)
[ info ] [ LANG ] D:\phpstudy_pro\oldindex\public/../application/admin\lang\zh-cn.php
[ info ] [ BEHAVIOR ] Run app\common\behavior\Common @module_init [ RunTime:0.005799s ]
[ info ] [ SESSION ] INIT array (
  'id' => '',
  'var_session_id' => '',
  'prefix' => 'think',
  'type' => '',
  'auto_start' => true,
)
[ info ] [ LANG ] D:\phpstudy_pro\oldindex\public/../application/admin/lang/zh-cn/ajax.php
[ info ] [ RUN ] app\admin\controller\Ajax->lang[ D:\phpstudy_pro\oldindex\application\admin\controller\Ajax.php ]
[ info ] [ LANG ] D:\phpstudy_pro\oldindex\public/../application/admin/lang/zh-cn/index.php
[ info ] [ BEHAVIOR ] Run app\admin\behavior\AdminLog @app_end [ RunTime:0.000524s ]
[ info ] [ LOG ] INIT File
---------------------------------------------------------------
[ 2024-01-07T13:09:07+08:00 ] 127.0.0.1 GET test.google.com/wocaole.php/index/login
[运行时间：0.231223s] [吞吐率：4.32req/s] [内存消耗：3,903.82kb] [文件加载：123]
[ info ] [ BEHAVIOR ] Run Closure @app_init [ RunTime:0.000037s ]
[ info ] [ CACHE ] INIT File
[ info ] [ BEHAVIOR ] Run Closure @app_init [ RunTime:0.002920s ]
[ info ] [ BEHAVIOR ] Run app\common\behavior\Common @app_init [ RunTime:0.001395s ]
[ info ] [ LANG ] D:\phpstudy_pro\oldindex\thinkphp\lang\zh-cn.php
[ info ] [ BEHAVIOR ] Run app\common\behavior\Common @app_dispatch [ RunTime:0.000048s ]
[ info ] [ ROUTE ] array (
  'type' => 'module',
  'module' => 
  array (
    0 => 'admin',
    1 => 'index',
    2 => 'login',
  ),
)
[ info ] [ HEADER ] array (
  'cookie' => 'thinkphp_show_page_trace=0|0; thinkphp_show_page_trace=0|0; PHPSESSID=m30bk1uqt9gpfavrcik9cafsuq; think_var=zh-cn',
  'accept-language' => 'zh-CN,zh;q=0.9,en;q=0.8,en-GB;q=0.7,en-US;q=0.6',
  'accept-encoding' => 'gzip, deflate',
  'accept' => 'text/html,application/xhtml+xml,application/xml;q=0.9,image/webp,image/apng,*/*;q=0.8,application/signed-exchange;v=b3;q=0.7',
  'user-agent' => 'Mozilla/5.0 (Windows NT 10.0; Win64; x64) AppleWebKit/537.36 (KHTML, like Gecko) Chrome/120.0.0.0 Safari/537.36',
  'upgrade-insecure-requests' => '1',
  'cache-control' => 'max-age=0',
  'connection' => 'keep-alive',
  'host' => 'test.google.com',
  'content-length' => '',
  'content-type' => '',
)
[ info ] [ PARAM ] array (
)
[ info ] [ LANG ] D:\phpstudy_pro\oldindex\public/../application/admin\lang\zh-cn.php
[ info ] [ BEHAVIOR ] Run app\common\behavior\Common @module_init [ RunTime:0.001536s ]
[ info ] [ SESSION ] INIT array (
  'id' => '',
  'var_session_id' => '',
  'prefix' => 'think',
  'type' => '',
  'auto_start' => true,
)
[ info ] [ LANG ] D:\phpstudy_pro\oldindex\public/../application/admin/lang/zh-cn/index.php
[ info ] [ RUN ] app\admin\controller\Index->login[ D:\phpstudy_pro\oldindex\application\admin\controller\Index.php ]
[ info ] [ VIEW ] D:\phpstudy_pro\oldindex\public/../application/admin\view\index\login.html [ array (
  0 => 'breadcrumb',
  1 => 'site',
  2 => 'config',
  3 => 'auth',
  4 => 'admin',
  5 => 'version',
  6 => 'background',
  7 => 'title',
) ]
[ info ] [ BEHAVIOR ] Run app\admin\behavior\AdminLog @app_end [ RunTime:0.000191s ]
[ info ] [ LOG ] INIT File
---------------------------------------------------------------
[ 2024-01-07T13:09:07+08:00 ] 127.0.0.1 GET test.google.com/index.php?s=/captcha
[运行时间：0.078500s] [吞吐率：12.74req/s] [内存消耗：2,332.01kb] [文件加载：99]
[ info ] [ BEHAVIOR ] Run Closure @app_init [ RunTime:0.000031s ]
[ info ] [ CACHE ] INIT File
[ info ] [ BEHAVIOR ] Run Closure @app_init [ RunTime:0.002519s ]
[ info ] [ BEHAVIOR ] Run app\common\behavior\Common @app_init [ RunTime:0.001245s ]
[ info ] [ LANG ] D:\phpstudy_pro\oldindex\thinkphp\lang\zh-cn.php
[ info ] [ BEHAVIOR ] Run app\common\behavior\Common @app_dispatch [ RunTime:0.000047s ]
[ info ] [ ROUTE ] array (
  'type' => 'method',
  'method' => 
  array (
    0 => '\\think\\captcha\\CaptchaController',
    1 => 'index',
  ),
  'var' => 
  array (
  ),
)
[ info ] [ HEADER ] array (
  'cookie' => 'thinkphp_show_page_trace=0|0; PHPSESSID=m30bk1uqt9gpfavrcik9cafsuq; think_var=zh-cn',
  'accept-language' => 'zh-CN,zh;q=0.9,en;q=0.8,en-GB;q=0.7,en-US;q=0.6',
  'accept-encoding' => 'gzip, deflate',
  'accept' => 'image/webp,image/apng,image/svg+xml,image/*,*/*;q=0.8',
  'user-agent' => 'Mozilla/5.0 (Windows NT 10.0; Win64; x64) AppleWebKit/537.36 (KHTML, like Gecko) Chrome/120.0.0.0 Safari/537.36',
  'connection' => 'keep-alive',
  'host' => 'test.google.com',
  'content-length' => '',
  'content-type' => '',
)
[ info ] [ PARAM ] array (
  'id' => NULL,
)
[ info ] [ RUN ] think\captcha\CaptchaController->index[ D:\phpstudy_pro\oldindex\vendor\topthink\think-captcha\src\CaptchaController.php ]
[ info ] [ SESSION ] INIT array (
  'id' => '',
  'var_session_id' => '',
  'prefix' => 'think',
  'type' => '',
  'auto_start' => true,
)
[ info ] [ LOG ] INIT File
---------------------------------------------------------------
[ 2024-01-07T13:09:07+08:00 ] 127.0.0.1 GET test.google.com/wocaole.php/ajax/lang?callback=define&controllername=index&lang=zh-cn&v=1704604147&v=1704604147
[运行时间：0.070376s] [吞吐率：14.21req/s] [内存消耗：3,736.23kb] [文件加载：120]
[ info ] [ BEHAVIOR ] Run Closure @app_init [ RunTime:0.000037s ]
[ info ] [ CACHE ] INIT File
[ info ] [ BEHAVIOR ] Run Closure @app_init [ RunTime:0.005538s ]
[ info ] [ BEHAVIOR ] Run app\common\behavior\Common @app_init [ RunTime:0.001658s ]
[ info ] [ LANG ] D:\phpstudy_pro\oldindex\thinkphp\lang\zh-cn.php
[ info ] [ BEHAVIOR ] Run app\common\behavior\Common @app_dispatch [ RunTime:0.000046s ]
[ info ] [ ROUTE ] array (
  'type' => 'module',
  'module' => 
  array (
    0 => 'admin',
    1 => 'ajax',
    2 => 'lang',
  ),
)
[ info ] [ HEADER ] array (
  'cookie' => 'thinkphp_show_page_trace=0|0; PHPSESSID=m30bk1uqt9gpfavrcik9cafsuq; think_var=zh-cn',
  'accept-language' => 'zh-CN,zh;q=0.9,en;q=0.8,en-GB;q=0.7,en-US;q=0.6',
  'accept-encoding' => 'gzip, deflate',
  'accept' => '*/*',
  'user-agent' => 'Mozilla/5.0 (Windows NT 10.0; Win64; x64) AppleWebKit/537.36 (KHTML, like Gecko) Chrome/120.0.0.0 Safari/537.36',
  'connection' => 'keep-alive',
  'host' => 'test.google.com',
  'content-length' => '',
  'content-type' => '',
)
[ info ] [ PARAM ] array (
  'callback' => 'define',
  'controllername' => 'index',
  'lang' => 'zh-cn',
  'v' => '1704604147',
)
[ info ] [ LANG ] D:\phpstudy_pro\oldindex\public/../application/admin\lang\zh-cn.php
[ info ] [ BEHAVIOR ] Run app\common\behavior\Common @module_init [ RunTime:0.002446s ]
[ info ] [ SESSION ] INIT array (
  'id' => '',
  'var_session_id' => '',
  'prefix' => 'think',
  'type' => '',
  'auto_start' => true,
)
[ info ] [ LANG ] D:\phpstudy_pro\oldindex\public/../application/admin/lang/zh-cn/ajax.php
[ info ] [ RUN ] app\admin\controller\Ajax->lang[ D:\phpstudy_pro\oldindex\application\admin\controller\Ajax.php ]
[ info ] [ LANG ] D:\phpstudy_pro\oldindex\public/../application/admin/lang/zh-cn/index.php
[ info ] [ BEHAVIOR ] Run app\admin\behavior\AdminLog @app_end [ RunTime:0.000172s ]
[ info ] [ LOG ] INIT File
---------------------------------------------------------------
[ 2024-01-07T13:10:13+08:00 ] 127.0.0.1 GET test.google.com/wocaole.php/index/login
[运行时间：0.577034s] [吞吐率：1.73req/s] [内存消耗：3,904.07kb] [文件加载：123]
[ info ] [ BEHAVIOR ] Run Closure @app_init [ RunTime:0.000067s ]
[ info ] [ CACHE ] INIT File
[ info ] [ BEHAVIOR ] Run Closure @app_init [ RunTime:0.005104s ]
[ info ] [ BEHAVIOR ] Run app\common\behavior\Common @app_init [ RunTime:0.003251s ]
[ info ] [ LANG ] D:\phpstudy_pro\oldindex\thinkphp\lang\zh-cn.php
[ info ] [ BEHAVIOR ] Run app\common\behavior\Common @app_dispatch [ RunTime:0.000118s ]
[ info ] [ ROUTE ] array (
  'type' => 'module',
  'module' => 
  array (
    0 => 'admin',
    1 => 'index',
    2 => 'login',
  ),
)
[ info ] [ HEADER ] array (
  'cookie' => 'thinkphp_show_page_trace=0|0; thinkphp_show_page_trace=0|0; PHPSESSID=m30bk1uqt9gpfavrcik9cafsuq; think_var=zh-cn',
  'accept-language' => 'zh-CN,zh;q=0.9,en;q=0.8,en-GB;q=0.7,en-US;q=0.6',
  'accept-encoding' => 'gzip, deflate',
  'accept' => 'text/html,application/xhtml+xml,application/xml;q=0.9,image/webp,image/apng,*/*;q=0.8,application/signed-exchange;v=b3;q=0.7',
  'user-agent' => 'Mozilla/5.0 (Windows NT 10.0; Win64; x64) AppleWebKit/537.36 (KHTML, like Gecko) Chrome/120.0.0.0 Safari/537.36',
  'upgrade-insecure-requests' => '1',
  'cache-control' => 'max-age=0',
  'connection' => 'keep-alive',
  'host' => 'test.google.com',
  'content-length' => '',
  'content-type' => '',
)
[ info ] [ PARAM ] array (
)
[ info ] [ LANG ] D:\phpstudy_pro\oldindex\public/../application/admin\lang\zh-cn.php
[ info ] [ BEHAVIOR ] Run app\common\behavior\Common @module_init [ RunTime:0.006717s ]
[ info ] [ SESSION ] INIT array (
  'id' => '',
  'var_session_id' => '',
  'prefix' => 'think',
  'type' => '',
  'auto_start' => true,
)
[ info ] [ LANG ] D:\phpstudy_pro\oldindex\public/../application/admin/lang/zh-cn/index.php
[ info ] [ RUN ] app\admin\controller\Index->login[ D:\phpstudy_pro\oldindex\application\admin\controller\Index.php ]
[ info ] [ VIEW ] D:\phpstudy_pro\oldindex\public/../application/admin\view\index\login.html [ array (
  0 => 'breadcrumb',
  1 => 'site',
  2 => 'config',
  3 => 'auth',
  4 => 'admin',
  5 => 'version',
  6 => 'background',
  7 => 'title',
) ]
[ info ] [ BEHAVIOR ] Run app\admin\behavior\AdminLog @app_end [ RunTime:0.001007s ]
[ info ] [ LOG ] INIT File
---------------------------------------------------------------
[ 2024-01-07T13:10:13+08:00 ] 127.0.0.1 GET test.google.com/index.php?s=/captcha
[运行时间：0.141790s] [吞吐率：7.05req/s] [内存消耗：2,332.01kb] [文件加载：99]
[ info ] [ BEHAVIOR ] Run Closure @app_init [ RunTime:0.000033s ]
[ info ] [ CACHE ] INIT File
[ info ] [ BEHAVIOR ] Run Closure @app_init [ RunTime:0.002915s ]
[ info ] [ BEHAVIOR ] Run app\common\behavior\Common @app_init [ RunTime:0.001125s ]
[ info ] [ LANG ] D:\phpstudy_pro\oldindex\thinkphp\lang\zh-cn.php
[ info ] [ BEHAVIOR ] Run app\common\behavior\Common @app_dispatch [ RunTime:0.000047s ]
[ info ] [ ROUTE ] array (
  'type' => 'method',
  'method' => 
  array (
    0 => '\\think\\captcha\\CaptchaController',
    1 => 'index',
  ),
  'var' => 
  array (
  ),
)
[ info ] [ HEADER ] array (
  'cookie' => 'thinkphp_show_page_trace=0|0; PHPSESSID=m30bk1uqt9gpfavrcik9cafsuq; think_var=zh-cn',
  'accept-language' => 'zh-CN,zh;q=0.9,en;q=0.8,en-GB;q=0.7,en-US;q=0.6',
  'accept-encoding' => 'gzip, deflate',
  'accept' => 'image/webp,image/apng,image/svg+xml,image/*,*/*;q=0.8',
  'user-agent' => 'Mozilla/5.0 (Windows NT 10.0; Win64; x64) AppleWebKit/537.36 (KHTML, like Gecko) Chrome/120.0.0.0 Safari/537.36',
  'connection' => 'keep-alive',
  'host' => 'test.google.com',
  'content-length' => '',
  'content-type' => '',
)
[ info ] [ PARAM ] array (
  'id' => NULL,
)
[ info ] [ RUN ] think\captcha\CaptchaController->index[ D:\phpstudy_pro\oldindex\vendor\topthink\think-captcha\src\CaptchaController.php ]
[ info ] [ SESSION ] INIT array (
  'id' => '',
  'var_session_id' => '',
  'prefix' => 'think',
  'type' => '',
  'auto_start' => true,
)
[ info ] [ LOG ] INIT File
---------------------------------------------------------------
[ 2024-01-07T13:10:14+08:00 ] 127.0.0.1 GET test.google.com/wocaole.php/ajax/lang?callback=define&controllername=index&lang=zh-cn&v=1704604213&v=1704604213
[运行时间：0.224930s] [吞吐率：4.45req/s] [内存消耗：3,736.23kb] [文件加载：120]
[ info ] [ BEHAVIOR ] Run Closure @app_init [ RunTime:0.000059s ]
[ info ] [ CACHE ] INIT File
[ info ] [ BEHAVIOR ] Run Closure @app_init [ RunTime:0.005250s ]
[ info ] [ BEHAVIOR ] Run app\common\behavior\Common @app_init [ RunTime:0.004587s ]
[ info ] [ LANG ] D:\phpstudy_pro\oldindex\thinkphp\lang\zh-cn.php
[ info ] [ BEHAVIOR ] Run app\common\behavior\Common @app_dispatch [ RunTime:0.000127s ]
[ info ] [ ROUTE ] array (
  'type' => 'module',
  'module' => 
  array (
    0 => 'admin',
    1 => 'ajax',
    2 => 'lang',
  ),
)
[ info ] [ HEADER ] array (
  'cookie' => 'thinkphp_show_page_trace=0|0; PHPSESSID=m30bk1uqt9gpfavrcik9cafsuq; think_var=zh-cn',
  'accept-language' => 'zh-CN,zh;q=0.9,en;q=0.8,en-GB;q=0.7,en-US;q=0.6',
  'accept-encoding' => 'gzip, deflate',
  'accept' => '*/*',
  'user-agent' => 'Mozilla/5.0 (Windows NT 10.0; Win64; x64) AppleWebKit/537.36 (KHTML, like Gecko) Chrome/120.0.0.0 Safari/537.36',
  'connection' => 'keep-alive',
  'host' => 'test.google.com',
  'content-length' => '',
  'content-type' => '',
)
[ info ] [ PARAM ] array (
  'callback' => 'define',
  'controllername' => 'index',
  'lang' => 'zh-cn',
  'v' => '1704604213',
)
[ info ] [ LANG ] D:\phpstudy_pro\oldindex\public/../application/admin\lang\zh-cn.php
[ info ] [ BEHAVIOR ] Run app\common\behavior\Common @module_init [ RunTime:0.010660s ]
[ info ] [ SESSION ] INIT array (
  'id' => '',
  'var_session_id' => '',
  'prefix' => 'think',
  'type' => '',
  'auto_start' => true,
)
[ info ] [ LANG ] D:\phpstudy_pro\oldindex\public/../application/admin/lang/zh-cn/ajax.php
[ info ] [ RUN ] app\admin\controller\Ajax->lang[ D:\phpstudy_pro\oldindex\application\admin\controller\Ajax.php ]
[ info ] [ LANG ] D:\phpstudy_pro\oldindex\public/../application/admin/lang/zh-cn/index.php
[ info ] [ BEHAVIOR ] Run app\admin\behavior\AdminLog @app_end [ RunTime:0.000600s ]
[ info ] [ LOG ] INIT File
---------------------------------------------------------------
[ 2024-01-07T13:10:51+08:00 ] 127.0.0.1 GET test.google.com/wocaole.php/index/login
[运行时间：0.361655s] [吞吐率：2.77req/s] [内存消耗：3,904.07kb] [文件加载：123]
[ info ] [ BEHAVIOR ] Run Closure @app_init [ RunTime:0.000025s ]
[ info ] [ CACHE ] INIT File
[ info ] [ BEHAVIOR ] Run Closure @app_init [ RunTime:0.002211s ]
[ info ] [ BEHAVIOR ] Run app\common\behavior\Common @app_init [ RunTime:0.001258s ]
[ info ] [ LANG ] D:\phpstudy_pro\oldindex\thinkphp\lang\zh-cn.php
[ info ] [ BEHAVIOR ] Run app\common\behavior\Common @app_dispatch [ RunTime:0.000030s ]
[ info ] [ ROUTE ] array (
  'type' => 'module',
  'module' => 
  array (
    0 => 'admin',
    1 => 'index',
    2 => 'login',
  ),
)
[ info ] [ HEADER ] array (
  'cookie' => 'thinkphp_show_page_trace=0|0; thinkphp_show_page_trace=0|0; PHPSESSID=m30bk1uqt9gpfavrcik9cafsuq; think_var=zh-cn',
  'accept-language' => 'zh-CN,zh;q=0.9,en;q=0.8,en-GB;q=0.7,en-US;q=0.6',
  'accept-encoding' => 'gzip, deflate',
  'accept' => 'text/html,application/xhtml+xml,application/xml;q=0.9,image/webp,image/apng,*/*;q=0.8,application/signed-exchange;v=b3;q=0.7',
  'user-agent' => 'Mozilla/5.0 (Windows NT 10.0; Win64; x64) AppleWebKit/537.36 (KHTML, like Gecko) Chrome/120.0.0.0 Safari/537.36',
  'upgrade-insecure-requests' => '1',
  'cache-control' => 'max-age=0',
  'connection' => 'keep-alive',
  'host' => 'test.google.com',
  'content-length' => '',
  'content-type' => '',
)
[ info ] [ PARAM ] array (
)
[ info ] [ LANG ] D:\phpstudy_pro\oldindex\public/../application/admin\lang\zh-cn.php
[ info ] [ BEHAVIOR ] Run app\common\behavior\Common @module_init [ RunTime:0.002034s ]
[ info ] [ SESSION ] INIT array (
  'id' => '',
  'var_session_id' => '',
  'prefix' => 'think',
  'type' => '',
  'auto_start' => true,
)
[ info ] [ LANG ] D:\phpstudy_pro\oldindex\public/../application/admin/lang/zh-cn/index.php
[ info ] [ RUN ] app\admin\controller\Index->login[ D:\phpstudy_pro\oldindex\application\admin\controller\Index.php ]
[ info ] [ VIEW ] D:\phpstudy_pro\oldindex\public/../application/admin\view\index\login.html [ array (
  0 => 'breadcrumb',
  1 => 'site',
  2 => 'config',
  3 => 'auth',
  4 => 'admin',
  5 => 'version',
  6 => 'background',
  7 => 'title',
) ]
[ info ] [ BEHAVIOR ] Run app\admin\behavior\AdminLog @app_end [ RunTime:0.000593s ]
[ info ] [ LOG ] INIT File
---------------------------------------------------------------
[ 2024-01-07T13:10:52+08:00 ] 127.0.0.1 GET test.google.com/index.php?s=/captcha
[运行时间：0.130923s] [吞吐率：7.64req/s] [内存消耗：2,332.01kb] [文件加载：99]
[ info ] [ BEHAVIOR ] Run Closure @app_init [ RunTime:0.000031s ]
[ info ] [ CACHE ] INIT File
[ info ] [ BEHAVIOR ] Run Closure @app_init [ RunTime:0.002133s ]
[ info ] [ BEHAVIOR ] Run app\common\behavior\Common @app_init [ RunTime:0.005171s ]
[ info ] [ LANG ] D:\phpstudy_pro\oldindex\thinkphp\lang\zh-cn.php
[ info ] [ BEHAVIOR ] Run app\common\behavior\Common @app_dispatch [ RunTime:0.000071s ]
[ info ] [ ROUTE ] array (
  'type' => 'method',
  'method' => 
  array (
    0 => '\\think\\captcha\\CaptchaController',
    1 => 'index',
  ),
  'var' => 
  array (
  ),
)
[ info ] [ HEADER ] array (
  'cookie' => 'thinkphp_show_page_trace=0|0; PHPSESSID=m30bk1uqt9gpfavrcik9cafsuq; think_var=zh-cn',
  'accept-language' => 'zh-CN,zh;q=0.9,en;q=0.8,en-GB;q=0.7,en-US;q=0.6',
  'accept-encoding' => 'gzip, deflate',
  'accept' => 'image/webp,image/apng,image/svg+xml,image/*,*/*;q=0.8',
  'user-agent' => 'Mozilla/5.0 (Windows NT 10.0; Win64; x64) AppleWebKit/537.36 (KHTML, like Gecko) Chrome/120.0.0.0 Safari/537.36',
  'connection' => 'keep-alive',
  'host' => 'test.google.com',
  'content-length' => '',
  'content-type' => '',
)
[ info ] [ PARAM ] array (
  'id' => NULL,
)
[ info ] [ RUN ] think\captcha\CaptchaController->index[ D:\phpstudy_pro\oldindex\vendor\topthink\think-captcha\src\CaptchaController.php ]
[ info ] [ SESSION ] INIT array (
  'id' => '',
  'var_session_id' => '',
  'prefix' => 'think',
  'type' => '',
  'auto_start' => true,
)
[ info ] [ LOG ] INIT File
---------------------------------------------------------------
[ 2024-01-07T13:10:52+08:00 ] 127.0.0.1 GET test.google.com/wocaole.php/ajax/lang?callback=define&controllername=index&lang=zh-cn&v=1704604251&v=1704604251
[运行时间：0.067044s] [吞吐率：14.92req/s] [内存消耗：3,736.23kb] [文件加载：120]
[ info ] [ BEHAVIOR ] Run Closure @app_init [ RunTime:0.000019s ]
[ info ] [ CACHE ] INIT File
[ info ] [ BEHAVIOR ] Run Closure @app_init [ RunTime:0.001281s ]
[ info ] [ BEHAVIOR ] Run app\common\behavior\Common @app_init [ RunTime:0.001285s ]
[ info ] [ LANG ] D:\phpstudy_pro\oldindex\thinkphp\lang\zh-cn.php
[ info ] [ BEHAVIOR ] Run app\common\behavior\Common @app_dispatch [ RunTime:0.000024s ]
[ info ] [ ROUTE ] array (
  'type' => 'module',
  'module' => 
  array (
    0 => 'admin',
    1 => 'ajax',
    2 => 'lang',
  ),
)
[ info ] [ HEADER ] array (
  'cookie' => 'thinkphp_show_page_trace=0|0; PHPSESSID=m30bk1uqt9gpfavrcik9cafsuq; think_var=zh-cn',
  'accept-language' => 'zh-CN,zh;q=0.9,en;q=0.8,en-GB;q=0.7,en-US;q=0.6',
  'accept-encoding' => 'gzip, deflate',
  'accept' => '*/*',
  'user-agent' => 'Mozilla/5.0 (Windows NT 10.0; Win64; x64) AppleWebKit/537.36 (KHTML, like Gecko) Chrome/120.0.0.0 Safari/537.36',
  'connection' => 'keep-alive',
  'host' => 'test.google.com',
  'content-length' => '',
  'content-type' => '',
)
[ info ] [ PARAM ] array (
  'callback' => 'define',
  'controllername' => 'index',
  'lang' => 'zh-cn',
  'v' => '1704604251',
)
[ info ] [ LANG ] D:\phpstudy_pro\oldindex\public/../application/admin\lang\zh-cn.php
[ info ] [ BEHAVIOR ] Run app\common\behavior\Common @module_init [ RunTime:0.002542s ]
[ info ] [ SESSION ] INIT array (
  'id' => '',
  'var_session_id' => '',
  'prefix' => 'think',
  'type' => '',
  'auto_start' => true,
)
[ info ] [ LANG ] D:\phpstudy_pro\oldindex\public/../application/admin/lang/zh-cn/ajax.php
[ info ] [ RUN ] app\admin\controller\Ajax->lang[ D:\phpstudy_pro\oldindex\application\admin\controller\Ajax.php ]
[ info ] [ LANG ] D:\phpstudy_pro\oldindex\public/../application/admin/lang/zh-cn/index.php
[ info ] [ BEHAVIOR ] Run app\admin\behavior\AdminLog @app_end [ RunTime:0.000168s ]
[ info ] [ LOG ] INIT File
---------------------------------------------------------------
[ 2024-01-07T13:18:07+08:00 ] 127.0.0.1 GET test.google.com/index.php/index/index/download.html
[运行时间：0.299978s] [吞吐率：3.33req/s] [内存消耗：3,385.98kb] [文件加载：115]
[ info ] [ BEHAVIOR ] Run Closure @app_init [ RunTime:0.000039s ]
[ info ] [ CACHE ] INIT File
[ info ] [ BEHAVIOR ] Run Closure @app_init [ RunTime:0.003651s ]
[ info ] [ BEHAVIOR ] Run app\common\behavior\Common @app_init [ RunTime:0.001974s ]
[ info ] [ LANG ] D:\phpstudy_pro\oldindex\thinkphp\lang\zh-cn.php
[ info ] [ BEHAVIOR ] Run app\common\behavior\Common @app_dispatch [ RunTime:0.000034s ]
[ info ] [ ROUTE ] array (
  'type' => 'module',
  'module' => 
  array (
    0 => 'index',
    1 => 'index',
    2 => 'download',
  ),
)
[ info ] [ HEADER ] array (
  'cookie' => 'thinkphp_show_page_trace=0|0; PHPSESSID=m30bk1uqt9gpfavrcik9cafsuq; think_var=zh-cn',
  'accept-language' => 'zh-CN,zh;q=0.9,en;q=0.8,en-GB;q=0.7,en-US;q=0.6',
  'accept-encoding' => 'gzip, deflate',
  'accept' => 'text/html,application/xhtml+xml,application/xml;q=0.9,image/webp,image/apng,*/*;q=0.8,application/signed-exchange;v=b3;q=0.7',
  'user-agent' => 'Mozilla/5.0 (Windows NT 10.0; Win64; x64) AppleWebKit/537.36 (KHTML, like Gecko) Chrome/120.0.0.0 Safari/537.36',
  'upgrade-insecure-requests' => '1',
  'connection' => 'keep-alive',
  'host' => 'test.google.com',
  'content-length' => '',
  'content-type' => '',
)
[ info ] [ PARAM ] array (
)
[ info ] [ LANG ] D:\phpstudy_pro\oldindex\public/../application/index\lang\zh-cn.php
[ info ] [ BEHAVIOR ] Run app\common\behavior\Common @module_init [ RunTime:0.003515s ]
[ info ] [ LANG ] D:\phpstudy_pro\oldindex\public/../application/index/lang/zh-cn/index.php
[ info ] [ RUN ] app\index\controller\Index->download[ D:\phpstudy_pro\oldindex\application\index\controller\Index.php ]
[ info ] [ LOG ] INIT File
---------------------------------------------------------------
[ 2024-01-07T13:22:34+08:00 ] 127.0.0.1 GET test.google.com/index.php/index/index/download.html
[运行时间：0.192297s] [吞吐率：5.20req/s] [内存消耗：3,296.81kb] [文件加载：115]
[ info ] [ BEHAVIOR ] Run Closure @app_init [ RunTime:0.000047s ]
[ info ] [ CACHE ] INIT File
[ info ] [ BEHAVIOR ] Run Closure @app_init [ RunTime:0.010914s ]
[ info ] [ BEHAVIOR ] Run app\common\behavior\Common @app_init [ RunTime:0.001951s ]
[ info ] [ LANG ] D:\phpstudy_pro\oldindex\thinkphp\lang\zh-cn.php
[ info ] [ BEHAVIOR ] Run app\common\behavior\Common @app_dispatch [ RunTime:0.004197s ]
[ info ] [ ROUTE ] array (
  'type' => 'module',
  'module' => 
  array (
    0 => 'index',
    1 => 'index',
    2 => 'download',
  ),
)
[ info ] [ HEADER ] array (
  'cookie' => 'thinkphp_show_page_trace=0|0; thinkphp_show_page_trace=0|0; PHPSESSID=m30bk1uqt9gpfavrcik9cafsuq; think_var=zh-cn',
  'accept-language' => 'zh-CN,zh;q=0.9,en;q=0.8,en-GB;q=0.7,en-US;q=0.6',
  'accept-encoding' => 'gzip, deflate',
  'accept' => 'text/html,application/xhtml+xml,application/xml;q=0.9,image/webp,image/apng,*/*;q=0.8,application/signed-exchange;v=b3;q=0.7',
  'user-agent' => 'Mozilla/5.0 (Windows NT 10.0; Win64; x64) AppleWebKit/537.36 (KHTML, like Gecko) Chrome/120.0.0.0 Safari/537.36',
  'upgrade-insecure-requests' => '1',
  'connection' => 'keep-alive',
  'host' => 'test.google.com',
  'content-length' => '',
  'content-type' => '',
)
[ info ] [ PARAM ] array (
)
[ info ] [ LANG ] D:\phpstudy_pro\oldindex\public/../application/index\lang\zh-cn.php
[ info ] [ BEHAVIOR ] Run app\common\behavior\Common @module_init [ RunTime:0.005261s ]
[ info ] [ LANG ] D:\phpstudy_pro\oldindex\public/../application/index/lang/zh-cn/index.php
[ info ] [ RUN ] app\index\controller\Index->download[ D:\phpstudy_pro\oldindex\application\index\controller\Index.php ]
[ info ] [ LOG ] INIT File
---------------------------------------------------------------
[ 2024-01-07T13:27:25+08:00 ] 127.0.0.1 GET test.google.com/index.php/index/index/download.html
[运行时间：0.535508s] [吞吐率：1.87req/s] [内存消耗：3,486.73kb] [文件加载：118]
[ info ] [ BEHAVIOR ] Run Closure @app_init [ RunTime:0.000022s ]
[ info ] [ CACHE ] INIT File
[ info ] [ BEHAVIOR ] Run Closure @app_init [ RunTime:0.002147s ]
[ info ] [ BEHAVIOR ] Run app\common\behavior\Common @app_init [ RunTime:0.002153s ]
[ info ] [ LANG ] D:\phpstudy_pro\oldindex\thinkphp\lang\zh-cn.php
[ info ] [ BEHAVIOR ] Run app\common\behavior\Common @app_dispatch [ RunTime:0.000033s ]
[ info ] [ ROUTE ] array (
  'type' => 'module',
  'module' => 
  array (
    0 => 'index',
    1 => 'index',
    2 => 'download',
  ),
)
[ info ] [ HEADER ] array (
  'cookie' => 'thinkphp_show_page_trace=0|0; thinkphp_show_page_trace=0|0; PHPSESSID=m30bk1uqt9gpfavrcik9cafsuq; think_var=zh-cn',
  'accept-language' => 'zh-CN,zh;q=0.9,en;q=0.8,en-GB;q=0.7,en-US;q=0.6',
  'accept-encoding' => 'gzip, deflate',
  'accept' => 'text/html,application/xhtml+xml,application/xml;q=0.9,image/webp,image/apng,*/*;q=0.8,application/signed-exchange;v=b3;q=0.7',
  'user-agent' => 'Mozilla/5.0 (Windows NT 10.0; Win64; x64) AppleWebKit/537.36 (KHTML, like Gecko) Chrome/120.0.0.0 Safari/537.36',
  'upgrade-insecure-requests' => '1',
  'cache-control' => 'max-age=0',
  'connection' => 'keep-alive',
  'host' => 'test.google.com',
  'content-length' => '',
  'content-type' => '',
)
[ info ] [ PARAM ] array (
)
[ info ] [ LANG ] D:\phpstudy_pro\oldindex\public/../application/index\lang\zh-cn.php
[ info ] [ BEHAVIOR ] Run app\common\behavior\Common @module_init [ RunTime:0.001703s ]
[ info ] [ LANG ] D:\phpstudy_pro\oldindex\public/../application/index/lang/zh-cn/index.php
[ info ] [ RUN ] app\index\controller\Index->download[ D:\phpstudy_pro\oldindex\application\index\controller\Index.php ]
[ info ] [ LOG ] INIT File
[ error ] [0]致命错误: Call to undefined function app\index\controller\addFilesToZip()[D:\phpstudy_pro\oldindex\application\index\controller\Index.php:44]
---------------------------------------------------------------
[ 2024-01-07T13:38:04+08:00 ] 127.0.0.1 GET test.google.com/index.php/index/index/download.html
[运行时间：0.210795s] [吞吐率：4.74req/s] [内存消耗：3,125.72kb] [文件加载：110]
[ info ] [ BEHAVIOR ] Run Closure @app_init [ RunTime:0.000061s ]
[ info ] [ CACHE ] INIT File
[ info ] [ BEHAVIOR ] Run Closure @app_init [ RunTime:0.003031s ]
[ info ] [ BEHAVIOR ] Run app\common\behavior\Common @app_init [ RunTime:0.001392s ]
[ info ] [ LANG ] D:\phpstudy_pro\oldindex\thinkphp\lang\zh-cn.php
[ info ] [ BEHAVIOR ] Run app\common\behavior\Common @app_dispatch [ RunTime:0.000044s ]
[ info ] [ ROUTE ] array (
  'type' => 'module',
  'module' => 
  array (
    0 => 'index',
    1 => 'index',
    2 => 'download',
  ),
)
[ info ] [ HEADER ] array (
  'cookie' => 'thinkphp_show_page_trace=0|0; thinkphp_show_page_trace=0|0; PHPSESSID=m30bk1uqt9gpfavrcik9cafsuq; think_var=zh-cn',
  'accept-language' => 'zh-CN,zh;q=0.9,en;q=0.8,en-GB;q=0.7,en-US;q=0.6',
  'accept-encoding' => 'gzip, deflate',
  'accept' => 'text/html,application/xhtml+xml,application/xml;q=0.9,image/webp,image/apng,*/*;q=0.8,application/signed-exchange;v=b3;q=0.7',
  'user-agent' => 'Mozilla/5.0 (Windows NT 10.0; Win64; x64) AppleWebKit/537.36 (KHTML, like Gecko) Chrome/120.0.0.0 Safari/537.36',
  'upgrade-insecure-requests' => '1',
  'cache-control' => 'max-age=0',
  'connection' => 'keep-alive',
  'host' => 'test.google.com',
  'content-length' => '',
  'content-type' => '',
)
[ info ] [ PARAM ] array (
)
[ info ] [ LANG ] D:\phpstudy_pro\oldindex\public/../application/index\lang\zh-cn.php
[ info ] [ BEHAVIOR ] Run app\common\behavior\Common @module_init [ RunTime:0.001809s ]
[ info ] [ LANG ] D:\phpstudy_pro\oldindex\public/../application/index/lang/zh-cn/index.php
[ info ] [ RUN ] app\index\controller\Index->download[ D:\phpstudy_pro\oldindex\application\index\controller\Index.php ]
[ info ] [ LOG ] INIT File
---------------------------------------------------------------
[ 2024-01-07T13:38:30+08:00 ] 127.0.0.1 GET test.google.com/wocaole.php/index/login
[运行时间：0.058224s] [吞吐率：17.18req/s] [内存消耗：3,763.37kb] [文件加载：121]
[ info ] [ BEHAVIOR ] Run Closure @app_init [ RunTime:0.000024s ]
[ info ] [ CACHE ] INIT File
[ info ] [ BEHAVIOR ] Run Closure @app_init [ RunTime:0.001208s ]
[ info ] [ BEHAVIOR ] Run app\common\behavior\Common @app_init [ RunTime:0.000604s ]
[ info ] [ LANG ] D:\phpstudy_pro\oldindex\thinkphp\lang\zh-cn.php
[ info ] [ BEHAVIOR ] Run app\common\behavior\Common @app_dispatch [ RunTime:0.000024s ]
[ info ] [ ROUTE ] array (
  'type' => 'module',
  'module' => 
  array (
    0 => 'admin',
    1 => 'index',
    2 => 'login',
  ),
)
[ info ] [ HEADER ] array (
  'cookie' => 'thinkphp_show_page_trace=0|0; thinkphp_show_page_trace=0|0; PHPSESSID=m30bk1uqt9gpfavrcik9cafsuq; think_var=zh-cn',
  'accept-language' => 'zh-CN,zh;q=0.9,en;q=0.8,en-GB;q=0.7,en-US;q=0.6',
  'accept-encoding' => 'gzip, deflate',
  'accept' => 'text/html,application/xhtml+xml,application/xml;q=0.9,image/webp,image/apng,*/*;q=0.8,application/signed-exchange;v=b3;q=0.7',
  'user-agent' => 'Mozilla/5.0 (Windows NT 10.0; Win64; x64) AppleWebKit/537.36 (KHTML, like Gecko) Chrome/120.0.0.0 Safari/537.36',
  'upgrade-insecure-requests' => '1',
  'cache-control' => 'max-age=0',
  'connection' => 'keep-alive',
  'host' => 'test.google.com',
  'content-length' => '',
  'content-type' => '',
)
[ info ] [ PARAM ] array (
)
[ info ] [ LANG ] D:\phpstudy_pro\oldindex\public/../application/admin\lang\zh-cn.php
[ info ] [ BEHAVIOR ] Run app\common\behavior\Common @module_init [ RunTime:0.001607s ]
[ info ] [ SESSION ] INIT array (
  'id' => '',
  'var_session_id' => '',
  'prefix' => 'think',
  'type' => '',
  'auto_start' => true,
)
[ info ] [ LANG ] D:\phpstudy_pro\oldindex\public/../application/admin/lang/zh-cn/index.php
[ info ] [ RUN ] app\admin\controller\Index->login[ D:\phpstudy_pro\oldindex\application\admin\controller\Index.php ]
[ info ] [ VIEW ] D:\phpstudy_pro\oldindex\public/../application/admin\view\index\login.html [ array (
  0 => 'breadcrumb',
  1 => 'site',
  2 => 'config',
  3 => 'auth',
  4 => 'admin',
  5 => 'version',
  6 => 'background',
  7 => 'title',
) ]
[ info ] [ BEHAVIOR ] Run app\admin\behavior\AdminLog @app_end [ RunTime:0.000259s ]
[ info ] [ LOG ] INIT File
---------------------------------------------------------------
[ 2024-01-07T13:38:30+08:00 ] 127.0.0.1 GET test.google.com/index.php?s=/captcha
[运行时间：0.267588s] [吞吐率：3.74req/s] [内存消耗：2,334.61kb] [文件加载：99]
[ info ] [ BEHAVIOR ] Run Closure @app_init [ RunTime:0.000044s ]
[ info ] [ CACHE ] INIT File
[ info ] [ BEHAVIOR ] Run Closure @app_init [ RunTime:0.002224s ]
[ info ] [ BEHAVIOR ] Run app\common\behavior\Common @app_init [ RunTime:0.001531s ]
[ info ] [ LANG ] D:\phpstudy_pro\oldindex\thinkphp\lang\zh-cn.php
[ info ] [ BEHAVIOR ] Run app\common\behavior\Common @app_dispatch [ RunTime:0.000124s ]
[ info ] [ ROUTE ] array (
  'type' => 'method',
  'method' => 
  array (
    0 => '\\think\\captcha\\CaptchaController',
    1 => 'index',
  ),
  'var' => 
  array (
  ),
)
[ info ] [ HEADER ] array (
  'cookie' => 'thinkphp_show_page_trace=0|0; PHPSESSID=m30bk1uqt9gpfavrcik9cafsuq; think_var=zh-cn',
  'accept-language' => 'zh-CN,zh;q=0.9,en;q=0.8,en-GB;q=0.7,en-US;q=0.6',
  'accept-encoding' => 'gzip, deflate',
  'accept' => 'image/webp,image/apng,image/svg+xml,image/*,*/*;q=0.8',
  'user-agent' => 'Mozilla/5.0 (Windows NT 10.0; Win64; x64) AppleWebKit/537.36 (KHTML, like Gecko) Chrome/120.0.0.0 Safari/537.36',
  'connection' => 'keep-alive',
  'host' => 'test.google.com',
  'content-length' => '',
  'content-type' => '',
)
[ info ] [ PARAM ] array (
  'id' => NULL,
)
[ info ] [ RUN ] think\captcha\CaptchaController->index[ D:\phpstudy_pro\oldindex\vendor\topthink\think-captcha\src\CaptchaController.php ]
[ info ] [ SESSION ] INIT array (
  'id' => '',
  'var_session_id' => '',
  'prefix' => 'think',
  'type' => '',
  'auto_start' => true,
)
[ info ] [ LOG ] INIT File
---------------------------------------------------------------
[ 2024-01-07T13:38:30+08:00 ] 127.0.0.1 GET test.google.com/wocaole.php/ajax/lang?callback=define&controllername=index&lang=zh-cn&v=1704605910&v=1704605910
[运行时间：0.056923s] [吞吐率：17.57req/s] [内存消耗：3,738.83kb] [文件加载：120]
[ info ] [ BEHAVIOR ] Run Closure @app_init [ RunTime:0.000042s ]
[ info ] [ CACHE ] INIT File
[ info ] [ BEHAVIOR ] Run Closure @app_init [ RunTime:0.001095s ]
[ info ] [ BEHAVIOR ] Run app\common\behavior\Common @app_init [ RunTime:0.000639s ]
[ info ] [ LANG ] D:\phpstudy_pro\oldindex\thinkphp\lang\zh-cn.php
[ info ] [ BEHAVIOR ] Run app\common\behavior\Common @app_dispatch [ RunTime:0.000025s ]
[ info ] [ ROUTE ] array (
  'type' => 'module',
  'module' => 
  array (
    0 => 'admin',
    1 => 'ajax',
    2 => 'lang',
  ),
)
[ info ] [ HEADER ] array (
  'cookie' => 'thinkphp_show_page_trace=0|0; PHPSESSID=m30bk1uqt9gpfavrcik9cafsuq; think_var=zh-cn',
  'accept-language' => 'zh-CN,zh;q=0.9,en;q=0.8,en-GB;q=0.7,en-US;q=0.6',
  'accept-encoding' => 'gzip, deflate',
  'accept' => '*/*',
  'user-agent' => 'Mozilla/5.0 (Windows NT 10.0; Win64; x64) AppleWebKit/537.36 (KHTML, like Gecko) Chrome/120.0.0.0 Safari/537.36',
  'connection' => 'keep-alive',
  'host' => 'test.google.com',
  'content-length' => '',
  'content-type' => '',
)
[ info ] [ PARAM ] array (
  'callback' => 'define',
  'controllername' => 'index',
  'lang' => 'zh-cn',
  'v' => '1704605910',
)
[ info ] [ LANG ] D:\phpstudy_pro\oldindex\public/../application/admin\lang\zh-cn.php
[ info ] [ BEHAVIOR ] Run app\common\behavior\Common @module_init [ RunTime:0.001634s ]
[ info ] [ SESSION ] INIT array (
  'id' => '',
  'var_session_id' => '',
  'prefix' => 'think',
  'type' => '',
  'auto_start' => true,
)
[ info ] [ LANG ] D:\phpstudy_pro\oldindex\public/../application/admin/lang/zh-cn/ajax.php
[ info ] [ RUN ] app\admin\controller\Ajax->lang[ D:\phpstudy_pro\oldindex\application\admin\controller\Ajax.php ]
[ info ] [ LANG ] D:\phpstudy_pro\oldindex\public/../application/admin/lang/zh-cn/index.php
[ info ] [ BEHAVIOR ] Run app\admin\behavior\AdminLog @app_end [ RunTime:0.000247s ]
[ info ] [ LOG ] INIT File
---------------------------------------------------------------
[ 2024-01-07T13:39:28+08:00 ] 127.0.0.1 GET test.google.com/install.php
[运行时间：0.064931s] [吞吐率：15.40req/s] [内存消耗：2,832.47kb] [文件加载：109]
[ info ] [ BEHAVIOR ] Run Closure @app_init [ RunTime:0.000152s ]
[ info ] [ CACHE ] INIT File
[ info ] [ BEHAVIOR ] Run Closure @app_init [ RunTime:0.001631s ]
[ info ] [ BEHAVIOR ] Run app\common\behavior\Common @app_init [ RunTime:0.001240s ]
[ info ] [ LANG ] D:\phpstudy_pro\oldindex\thinkphp\lang\zh-cn.php
[ info ] [ BEHAVIOR ] Run app\common\behavior\Common @app_dispatch [ RunTime:0.000034s ]
[ info ] [ BIND ] '\\app\\admin\\command\\Install'
[ info ] [ ROUTE ] array (
  'type' => 'controller',
  'controller' => '\\app\\admin\\command\\Install/index',
  'var' => 
  array (
  ),
)
[ info ] [ HEADER ] array (
  'cookie' => 'thinkphp_show_page_trace=0|0; PHPSESSID=m30bk1uqt9gpfavrcik9cafsuq; think_var=zh-cn',
  'accept-language' => 'zh-CN,zh;q=0.9,en;q=0.8,en-GB;q=0.7,en-US;q=0.6',
  'accept-encoding' => 'gzip, deflate',
  'accept' => 'text/html,application/xhtml+xml,application/xml;q=0.9,image/webp,image/apng,*/*;q=0.8,application/signed-exchange;v=b3;q=0.7',
  'user-agent' => 'Mozilla/5.0 (Windows NT 10.0; Win64; x64) AppleWebKit/537.36 (KHTML, like Gecko) Chrome/120.0.0.0 Safari/537.36',
  'upgrade-insecure-requests' => '1',
  'connection' => 'keep-alive',
  'host' => 'test.google.com',
  'content-length' => '',
  'content-type' => '',
)
[ info ] [ PARAM ] array (
)
[ info ] [ RUN ] app\admin\command\Install->index[ D:\phpstudy_pro\oldindex\application\admin\command\Install.php ]
[ info ] [ LANG ] D:\phpstudy_pro\oldindex\public/../application/admin\command\Install\zh-cn.php
[ info ] [ VIEW ] D:\phpstudy_pro\oldindex\public/../application/admin\command\Install\install.html [ array (
  0 => 'errInfo',
) ]
[ info ] [ LOG ] INIT File
